app/build/intermediates/manifest_merge_blame_file/debug/manifest-merger-blame-debug-report.txt
1<?xml version="1.0" encoding="utf-8"?>
2<manifest xmlns:android="http://schemas.android.com/apk/res/android"
3    xmlns:dist="http://schemas.android.com/apk/distribution"
4    package="com.streamthis.youtubeaudio"
5    android:versionCode="9"
6    android:versionName="shadow" >
7
8    <uses-sdk
9        android:minSdkVersion="19"
9-->src\main\AndroidManifest.xml
10        android:targetSdkVersion="28" />
10-->src\main\AndroidManifest.xml
11
12    <uses-permission android:name="android.permission.ACCESS_NETWORK_STATE" />
12-->src\main\AndroidManifest.xml:7:5-79
12-->src\main\AndroidManifest.xml:7:22-76
13
14    <dist:module dist:instant="true" />
14-->src\main\AndroidManifest.xml:8:5-40
14-->src\main\AndroidManifest.xml:8:18-37
15
16    <uses-permission android:name="android.permission.INTERNET" />
16-->src\main\AndroidManifest.xml:9:5-67
16-->src\main\AndroidManifest.xml:9:22-64
17
18    <application
18-->src\main\AndroidManifest.xml:10:5-39:19
19        android:allowBackup="true"
19-->src\main\AndroidManifest.xml:11:9-35
20        android:appComponentFactory="androidx.core.app.CoreComponentFactory"
20-->[androidx.core:core:1.1.0] AndroidManifest.xml:24:18-86
21        android:configChanges="screenSize|smallestScreenSize|screenLayout|orientation"
21-->src\main\AndroidManifest.xml:17:9-100
22        android:debuggable="true"
23        android:icon="@mipmap/ic_launcher"
23-->src\main\AndroidManifest.xml:12:9-43
24        android:label="@string/app_name"
24-->src\main\AndroidManifest.xml:13:9-41
25        android:roundIcon="@mipmap/ic_launcher_round"
25-->src\main\AndroidManifest.xml:14:9-54
26        android:supportsPictureInPicture="true"
26-->src\main\AndroidManifest.xml:16:9-48
27        android:supportsRtl="true"
27-->src\main\AndroidManifest.xml:15:9-35
28        android:theme="@style/Theme.MaterialComponents"
28-->src\main\AndroidManifest.xml:19:9-56
29        android:usesCleartextTraffic="true" >
29-->src\main\AndroidManifest.xml:20:9-44
30        <activity
30-->src\main\AndroidManifest.xml:22:9-28:35
31            android:name="com.streamthis.WatchVideoActivity"
31-->src\main\AndroidManifest.xml:23:13-61
32            android:launchMode="singleTask"
32-->src\main\AndroidManifest.xml:26:13-44
33            android:resizeableActivity="true"
33-->src\main\AndroidManifest.xml:24:13-46
34            android:supportsPictureInPicture="true"
34-->src\main\AndroidManifest.xml:25:13-52
35            android:theme="@style/Theme.MaterialComponents.NoActionBar" />
35-->src\main\AndroidManifest.xml:27:13-72
36        <activity
36-->src\main\AndroidManifest.xml:29:9-38:20
37            android:name="com.streamthis.youtubeaudio.SearchTube"
37-->src\main\AndroidManifest.xml:30:13-66
38            android:configChanges="orientation|keyboardHidden|screenSize"
38-->src\main\AndroidManifest.xml:31:13-74
39            android:label=""
39-->src\main\AndroidManifest.xml:32:13-29
40            android:theme="@style/Theme.MaterialComponents" >
40-->src\main\AndroidManifest.xml:33:13-60
41            <intent-filter>
41-->src\main\AndroidManifest.xml:34:13-37:29
42                <action android:name="android.intent.action.MAIN" />
42-->src\main\AndroidManifest.xml:35:17-69
42-->src\main\AndroidManifest.xml:35:25-66
43
44                <category android:name="android.intent.category.LAUNCHER" />
44-->src\main\AndroidManifest.xml:36:17-77
44-->src\main\AndroidManifest.xml:36:27-74
45            </intent-filter>
46        </activity>
47
48        <provider
48-->[com.squareup.picasso:picasso:2.71828] AndroidManifest.xml:8:9-11:40
49            android:name="com.squareup.picasso.PicassoProvider"
49-->[com.squareup.picasso:picasso:2.71828] AndroidManifest.xml:9:13-64
50            android:authorities="com.streamthis.youtubeaudio.com.squareup.picasso"
50-->[com.squareup.picasso:picasso:2.71828] AndroidManifest.xml:10:13-72
51            android:exported="false" />
51-->[com.squareup.picasso:picasso:2.71828] AndroidManifest.xml:11:13-37
52    </application>
53
54</manifest>